<?xml version="1.0" encoding="UTF-8"?>
<robot generator="Robot 3.1.2 (Python 3.7.3 on win32)" generated="20190715 14:45:55.862" rpa="false">
<suite id="s1" name="Wsa-Opleidingen-Testautomation" source="C:\_IDE\RED\workspace\wsa-opleidingen-testautomation">
<suite id="s1-s1" name="homepageTest" source="C:\_IDE\RED\workspace\wsa-opleidingen-testautomation\homepageTest.robot">
<test id="s1-s1-t1" name="test homepage-navbar">
<kw name="Open Browser" library="SeleniumLibrary">
<doc>Opens a new browser instance to the given ``url``.</doc>
<arguments>
<arg>http://localhost:4200/home</arg>
<arg>chrome</arg>
</arguments>
<msg timestamp="20190715 14:45:56.092" level="INFO">Opening browser 'chrome' to base url 'http://localhost:4200/home'.</msg>
<status status="PASS" starttime="20190715 14:45:56.092" endtime="20190715 14:45:59.582"></status>
</kw>
<kw name="Maximize Browser Window" library="SeleniumLibrary">
<doc>Maximizes current browser window.</doc>
<status status="PASS" starttime="20190715 14:45:59.583" endtime="20190715 14:46:00.705"></status>
</kw>
<kw name="Wait Until Element Is Visible" library="SeleniumLibrary">
<doc>Waits until element ``locator`` is visible.</doc>
<arguments>
<arg>CorporateButton</arg>
</arguments>
<status status="PASS" starttime="20190715 14:46:00.705" endtime="20190715 14:46:00.732"></status>
</kw>
<kw name="Click Element" library="SeleniumLibrary">
<doc>Click element identified by ``locator``.</doc>
<arguments>
<arg>CorporateButton</arg>
</arguments>
<msg timestamp="20190715 14:46:00.734" level="INFO">Clicking element 'CorporateButton'.</msg>
<status status="PASS" starttime="20190715 14:46:00.733" endtime="20190715 14:46:02.795"></status>
</kw>
<kw name="Wait Until Page Contains" library="SeleniumLibrary">
<doc>Waits until ``text`` appears on current page.</doc>
<arguments>
<arg>Working Spirit bestaat inmiddels bijna 15 jaar en</arg>
</arguments>
<status status="PASS" starttime="20190715 14:46:02.795" endtime="20190715 14:46:02.810"></status>
</kw>
<kw name="Sleep" library="BuiltIn">
<doc>Pauses the test executed for the given time.</doc>
<arguments>
<arg>2</arg>
</arguments>
<msg timestamp="20190715 14:46:04.812" level="INFO">Slept 2 seconds</msg>
<status status="PASS" starttime="20190715 14:46:02.811" endtime="20190715 14:46:04.813"></status>
</kw>
<kw name="Go Back" library="SeleniumLibrary">
<doc>Simulates the user clicking the back button on their browser.</doc>
<status status="PASS" starttime="20190715 14:46:04.814" endtime="20190715 14:46:05.301"></status>
</kw>
<kw name="Wait Until Element Is Visible" library="SeleniumLibrary">
<doc>Waits until element ``locator`` is visible.</doc>
<arguments>
<arg>DetacheringButton</arg>
</arguments>
<status status="PASS" starttime="20190715 14:46:05.301" endtime="20190715 14:46:05.330"></status>
</kw>
<kw name="Click Element" library="SeleniumLibrary">
<doc>Click element identified by ``locator``.</doc>
<arguments>
<arg>DetacheringButton</arg>
</arguments>
<msg timestamp="20190715 14:46:05.330" level="INFO">Clicking element 'DetacheringButton'.</msg>
<status status="PASS" starttime="20190715 14:46:05.330" endtime="20190715 14:46:06.296"></status>
</kw>
<kw name="Wait Until Page Contains" library="SeleniumLibrary">
<doc>Waits until ``text`` appears on current page.</doc>
<arguments>
<arg>Wij detacheren ICT-professionals die een organisatie tijdelijk</arg>
</arguments>
<status status="PASS" starttime="20190715 14:46:06.296" endtime="20190715 14:46:06.314"></status>
</kw>
<kw name="Sleep" library="BuiltIn">
<doc>Pauses the test executed for the given time.</doc>
<arguments>
<arg>2</arg>
</arguments>
<msg timestamp="20190715 14:46:08.316" level="INFO">Slept 2 seconds</msg>
<status status="PASS" starttime="20190715 14:46:06.315" endtime="20190715 14:46:08.316"></status>
</kw>
<kw name="Go Back" library="SeleniumLibrary">
<doc>Simulates the user clicking the back button on their browser.</doc>
<status status="PASS" starttime="20190715 14:46:08.316" endtime="20190715 14:46:08.706"></status>
</kw>
<kw name="Wait Until Element Is Visible" library="SeleniumLibrary">
<doc>Waits until element ``locator`` is visible.</doc>
<arguments>
<arg>AcademyButton</arg>
</arguments>
<status status="PASS" starttime="20190715 14:46:08.706" endtime="20190715 14:46:08.738"></status>
</kw>
<kw name="Click Element" library="SeleniumLibrary">
<doc>Click element identified by ``locator``.</doc>
<arguments>
<arg>AcademyButton</arg>
</arguments>
<msg timestamp="20190715 14:46:08.738" level="INFO">Clicking element 'AcademyButton'.</msg>
<status status="PASS" starttime="20190715 14:46:08.738" endtime="20190715 14:46:09.821"></status>
</kw>
<kw name="Wait Until Page Contains" library="SeleniumLibrary">
<doc>Waits until ``text`` appears on current page.</doc>
<arguments>
<arg>De vraag naar ICT-ers neemt ieder jaar toe. Dit in</arg>
</arguments>
<status status="PASS" starttime="20190715 14:46:09.821" endtime="20190715 14:46:09.834"></status>
</kw>
<kw name="Sleep" library="BuiltIn">
<doc>Pauses the test executed for the given time.</doc>
<arguments>
<arg>2</arg>
</arguments>
<msg timestamp="20190715 14:46:11.836" level="INFO">Slept 2 seconds</msg>
<status status="PASS" starttime="20190715 14:46:09.835" endtime="20190715 14:46:11.836"></status>
</kw>
<kw name="Go Back" library="SeleniumLibrary">
<doc>Simulates the user clicking the back button on their browser.</doc>
<status status="PASS" starttime="20190715 14:46:11.836" endtime="20190715 14:46:12.242"></status>
</kw>
<kw name="Wait Until Element Is Visible" library="SeleniumLibrary">
<doc>Waits until element ``locator`` is visible.</doc>
<arguments>
<arg>ContactButton</arg>
</arguments>
<status status="PASS" starttime="20190715 14:46:12.242" endtime="20190715 14:46:12.274"></status>
</kw>
<kw name="Click Element" library="SeleniumLibrary">
<doc>Click element identified by ``locator``.</doc>
<arguments>
<arg>ContactButton</arg>
</arguments>
<msg timestamp="20190715 14:46:12.274" level="INFO">Clicking element 'ContactButton'.</msg>
<status status="PASS" starttime="20190715 14:46:12.274" endtime="20190715 14:46:13.384"></status>
</kw>
<kw name="Wait Until Page Contains" library="SeleniumLibrary">
<doc>Waits until ``text`` appears on current page.</doc>
<arguments>
<arg>Richard Oosterhuis</arg>
</arguments>
<status status="PASS" starttime="20190715 14:46:13.384" endtime="20190715 14:46:13.401"></status>
</kw>
<kw name="Sleep" library="BuiltIn">
<doc>Pauses the test executed for the given time.</doc>
<arguments>
<arg>2</arg>
</arguments>
<msg timestamp="20190715 14:46:15.403" level="INFO">Slept 2 seconds</msg>
<status status="PASS" starttime="20190715 14:46:13.402" endtime="20190715 14:46:15.404"></status>
</kw>
<kw name="Go Back" library="SeleniumLibrary">
<doc>Simulates the user clicking the back button on their browser.</doc>
<status status="PASS" starttime="20190715 14:46:15.405" endtime="20190715 14:46:15.812"></status>
</kw>
<kw name="Wait Until Element Is Visible" library="SeleniumLibrary">
<doc>Waits until element ``locator`` is visible.</doc>
<arguments>
<arg>WerkenbijButton</arg>
</arguments>
<status status="PASS" starttime="20190715 14:46:15.813" endtime="20190715 14:46:15.844"></status>
</kw>
<kw name="Click Element" library="SeleniumLibrary">
<doc>Click element identified by ``locator``.</doc>
<arguments>
<arg>WerkenbijButton</arg>
</arguments>
<msg timestamp="20190715 14:46:15.845" level="INFO">Clicking element 'WerkenbijButton'.</msg>
<status status="PASS" starttime="20190715 14:46:15.845" endtime="20190715 14:46:17.087"></status>
</kw>
<kw name="Wait Until Page Contains" library="SeleniumLibrary">
<doc>Waits until ``text`` appears on current page.</doc>
<arguments>
<arg>Detachering biedt jou de kans om met regelmaat in verschillende</arg>
</arguments>
<status status="PASS" starttime="20190715 14:46:17.089" endtime="20190715 14:46:17.104"></status>
</kw>
<kw name="Sleep" library="BuiltIn">
<doc>Pauses the test executed for the given time.</doc>
<arguments>
<arg>2</arg>
</arguments>
<msg timestamp="20190715 14:46:19.108" level="INFO">Slept 2 seconds</msg>
<status status="PASS" starttime="20190715 14:46:17.105" endtime="20190715 14:46:19.109"></status>
</kw>
<kw name="Go Back" library="SeleniumLibrary">
<doc>Simulates the user clicking the back button on their browser.</doc>
<status status="PASS" starttime="20190715 14:46:19.110" endtime="20190715 14:46:19.515"></status>
</kw>
<kw name="Sleep" library="BuiltIn">
<doc>Pauses the test executed for the given time.</doc>
<arguments>
<arg>3</arg>
</arguments>
<msg timestamp="20190715 14:46:22.517" level="INFO">Slept 3 seconds</msg>
<status status="PASS" starttime="20190715 14:46:19.516" endtime="20190715 14:46:22.517"></status>
</kw>
<kw name="Close Browser" library="SeleniumLibrary">
<doc>Closes the current browser.</doc>
<status status="PASS" starttime="20190715 14:46:22.518" endtime="20190715 14:46:24.668"></status>
</kw>
<status status="PASS" starttime="20190715 14:45:56.091" endtime="20190715 14:46:24.669" critical="yes"></status>
</test>
<status status="PASS" starttime="20190715 14:45:55.921" endtime="20190715 14:46:24.671"></status>
</suite>
<status status="PASS" starttime="20190715 14:45:55.902" endtime="20190715 14:46:24.674"></status>
</suite>
<statistics>
<total>
<stat pass="1" fail="0">Critical Tests</stat>
<stat pass="1" fail="0">All Tests</stat>
</total>
<tag>
</tag>
<suite>
<stat pass="1" fail="0" id="s1" name="Wsa-Opleidingen-Testautomation">Wsa-Opleidingen-Testautomation</stat>
<stat pass="1" fail="0" id="s1-s1" name="homepageTest">Wsa-Opleidingen-Testautomation.homepageTest</stat>
</suite>
</statistics>
<errors>
</errors>
</robot>
